<?xml version="1.0" encoding="UTF-8"?>
<!-- Generated by org.testng.reporters.JUnitReportReporter -->
<testsuite skipped="0" hostname="LAPTOP-NK715KNU" name="SargleTestfb" tests="3" failures="0" timestamp="2020-09-20T16:09:30 EDT" time="0.294" errors="0">
  <testcase name="getPageTitle" time="0.014" classname="SargleTestfb"/>
  <system-out/>
  <testcase name="Login" time="0.213" classname="SargleTestfb"/>
  <system-out/>
  <testcase name="ClickOnLogin" time="0.067" classname="SargleTestfb"/>
  <system-out/>
</testsuite> <!-- SargleTestfb -->
