<?xml version="1.0" encoding="UTF-8"?>
<!-- Generated by org.testng.reporters.JUnitReportReporter -->
<testsuite skipped="0" hostname="LAPTOP-NK715KNU" name="TestngSample" tests="5" failures="0" timestamp="2020-09-20T13:17:53 EDT" time="0.009" errors="0">
  <testcase name="Registration" time="0.005" classname="TestngSample"/>
  <system-out/>
  <testcase name="Login" time="0.001" classname="TestngSample"/>
  <system-out/>
  <testcase name="RegisterAddress" time="0.001" classname="TestngSample"/>
  <system-out/>
  <testcase name="SignOff" time="0.001" classname="TestngSample"/>
  <system-out/>
  <testcase name="ProfileCreation" time="0.001" classname="TestngSample"/>
  <system-out/>
</testsuite> <!-- TestngSample -->
