<?xml version="1.0" encoding="UTF-8"?>
<!-- Generated by org.testng.reporters.JUnitReportReporter -->
<testsuite skipped="0" hostname="LAPTOP-NK715KNU" name="TestAssert" tests="1" failures="0" timestamp="2020-09-27T13:13:57 EDT" time="0.088" errors="0">
  <testcase name="VerifyTitle" time="0.088" classname="TestAssert"/>
  <system-out/>
</testsuite> <!-- TestAssert -->
