<?xml version="1.0" encoding="UTF-8"?>
<!-- Generated by org.testng.reporters.JUnitReportReporter -->
<testsuite skipped="0" hostname="LAPTOP-NK715KNU" name="SoftURL" tests="1" failures="0" timestamp="2020-09-27T12:21:47 EDT" time="0.060" errors="0">
  <testcase name="VerifyTitle" time="0.060" classname="SoftURL"/>
  <system-out/>
</testsuite> <!-- SoftURL -->
