<?xml version="1.0" encoding="UTF-8"?>
<!-- Generated by org.testng.reporters.JUnitReportReporter -->
<testsuite skipped="0" hostname="LAPTOP-NK715KNU" name="Tndataprovider" tests="5" failures="0" timestamp="2020-09-26T14:18:09 EDT" time="35.823" errors="0">
  <testcase name="getPageTitle" time="6.776" classname="Tndataprovider"/>
  <system-out/>
  <testcase name="Login" time="6.982" classname="Tndataprovider"/>
  <system-out/>
  <testcase name="Login" time="8.134" classname="Tndataprovider"/>
  <system-out/>
  <testcase name="Login" time="6.947" classname="Tndataprovider"/>
  <system-out/>
  <testcase name="ClickOnLogin" time="6.984" classname="Tndataprovider"/>
  <system-out/>
</testsuite> <!-- Tndataprovider -->
