<?xml version="1.0" encoding="UTF-8"?>
<!-- Generated by org.testng.reporters.JUnitReportReporter -->
<testsuite skipped="0" hostname="LAPTOP-NK715KNU" name="SoftVerifyTest" tests="1" failures="0" timestamp="2020-09-27T11:49:23 EDT" time="0.054" errors="0">
  <testcase name="VerifyTitle" time="0.054" classname="SoftVerifyTest"/>
  <system-out/>
</testsuite> <!-- SoftVerifyTest -->
