<?xml version="1.0" encoding="UTF-8"?>
<!-- Generated by org.testng.reporters.JUnitReportReporter -->
<testsuite skipped="0" hostname="LAPTOP-NK715KNU" name="TestSoftHard" tests="1" failures="0" timestamp="2020-09-26T15:29:32 EDT" time="0.267" errors="0">
  <testcase name="VerifyTitle" time="0.267" classname="TestSoftHard"/>
  <system-out/>
</testsuite> <!-- TestSoftHard -->
