<?xml version="1.0" encoding="UTF-8"?>
<!-- Generated by org.testng.reporters.JUnitReportReporter -->
<testsuite skipped="0" hostname="LAPTOP-NK715KNU" name="TestngFb" tests="3" failures="0" timestamp="2020-09-26T11:02:10 EDT" time="0.307" errors="0">
  <testcase name="getPageTitle" time="0.013" classname="TestngFb"/>
  <system-out/>
  <testcase name="Login" time="0.216" classname="TestngFb"/>
  <system-out/>
  <testcase name="ClickOnLogin" time="0.078" classname="TestngFb"/>
  <system-out/>
</testsuite> <!-- TestngFb -->
